Head:    update
Head:    loc
Center:  2018-03-27 12:47
Head:    utc
Center:  2018-03-27 04:47
Head:    now
Head:    wind_sc
Center:  2
Head:    tmp
Center:  11
Head:    cond_txt
Center:  晴
Head:    wind_deg
Center:  178
Head:    fl
Center:  4
Head:    vis
Center:  4
Head:    wind_spd
Center:  10
Head:    hum
Center:  69
Head:    cloud
Center:  0
Head:    wind_dir
Center:  南风
Head:    pres
Center:  1011
Head:    cond_code
Center:  100
Head:    pcpn
Center:  0.0
Head:    status
Center:  ok
Head:    basic
Head:    tz
Center:  +8.00
Head:    lon
Center:  121.61862183
Head:    cnty
Center:  中国
Head:    admin_area
Center:  辽宁
Head:    lat
Center:  38.91458893
Head:    location
Center:  大连
Head:    parent_city
Center:  大连
Head:    cid
Center:  CN101070201
Head:    update
Head:    loc
Center:  2018-03-27 12:47
Head:    utc
Center:  2018-03-27 04:47
Head:    air_now_city
Head:    so2
Center:  9
Head:    pm10
Center:  81
Head:    main
Center:  PM2.5
Head:    aqi
Center:  82
Head:    qlty
Center:  良
Head:    pm25
Center:  60
Head:    pub_time
Center:  2018-03-27 12:00
Head:    no2
Center:  29
Head:    co
Center:  1.17
Head:    o3
Center:  116
Head:    status
Center:  ok
Head:    basic
Head:    tz
Center:  +8.00
Head:    lon
Center:  121.61862183
Head:    cnty
Center:  中国
Head:    admin_area
Center:  辽宁
Head:    lat
Center:  38.91458893
Head:    location
Center:  大连
Head:    parent_city
Center:  大连
Head:    cid
Center:  CN101070201
Head:    air_sta
Center:  甘井子
Head:    co
Center:  1.1
Head:    aqi
Center:  59
Head:    lat
Center:  38.973888889
Head:    o3
Center:  131
Head:    pub_time
Center:  2018-03-27 11:00
Head:    no2
Center:  19
Head:    so2
Center:  5
Head:    pm10
Center:  54
Head:    main
Center:  PM2.5
Head:    lon
Center:  121.61194444
Head:    asid
Center:  CNA1109
Head:    pm25
Center:  42
Head:    qlty
Center:  良
Head:    air_sta
Center:  周水子
Head:    co
Center:  1.2
Head:    aqi
Center:  93
Head:    lat
Center:  38.951111111
Head:    o3
Center:  114
Head:    pub_time
Center:  2018-03-27 11:00
Head:    no2
Center:  39
Head:    so2
Center:  8
Head:    pm10
Center:  83
Head:    main
Center:  PM2.5
Head:    lon
Center:  121.565
Head:    asid
Center:  CNA1110
Head:    pm25
Center:  69
Head:    qlty
Center:  良
Head:    air_sta
Center:  星海三站
Head:    co
Center:  1.3
Head:    aqi
Center:  94
Head:    lat
Center:  38.885
Head:    o3
Center:  0
Head:    pub_time
Center:  2018-03-27 11:00
Head:    no2
Center:  38
Head:    so2
Center:  10
Head:    pm10
Center:  80
Head:    main
Center:  PM2.5
Head:    lon
Center:  121.56388889
Head:    asid
Center:  CNA1111
Head:    pm25
Center:  70
Head:    qlty
Center:  良
Head:    air_sta
Center:  青泥洼桥
Head:    co
Center:  1.5
Head:    aqi
Center:  119
Head:    lat
Center:  38.911944444
Head:    o3
Center:  132
Head:    pub_time
Center:  2018-03-27 11:00
Head:    no2
Center:  29
Head:    so2
Center:  15
Head:    pm10
Center:  108
Head:    main
Center:  PM2.5
Head:    lon
Center:  121.63305556
Head:    asid
Center:  CNA1112
Head:    pm25
Center:  90
Head:    qlty
Center:  轻度污染
Head:    air_sta
Center:  傅家庄
Head:    co
Center:  1.2
Head:    aqi
Center:  70
Head:    lat
Center:  38.863888889
Head:    o3
Center:  116
Head:    pub_time
Center:  2018-03-27 11:00
Head:    no2
Center:  22
Head:    so2
Center:  20
Head:    pm10
Center:  81
Head:    main
Center:  PM2.5
Head:    lon
Center:  121.625
Head:    asid
Center:  CNA1113
Head:    pm25
Center:  51
Head:    qlty
Center:  良
Head:    air_sta
Center:  七贤岭
Head:    co
Center:  1.2
Head:    aqi
Center:  89
Head:    lat
Center:  38.856111111
Head:    o3
Center:  119
Head:    pub_time
Center:  2018-03-27 11:00
Head:    no2
Center:  36
Head:    so2
Center:  8
Head:    pm10
Center:  96
Head:    main
Center:  PM2.5
Head:    lon
Center:  121.51805556
Head:    asid
Center:  CNA1114
Head:    pm25
Center:  66
Head:    qlty
Center:  良
Head:    air_sta
Center:  旅顺
Head:    co
Center:  1.1
Head:    aqi
Center:  88
Head:    lat
Center:  38.808055556
Head:    o3
Center:  125
Head:    pub_time
Center:  2018-03-27 11:00
Head:    no2
Center:  27
Head:    so2
Center:  10
Head:    pm10
Center:  74
Head:    main
Center:  PM2.5
Head:    lon
Center:  121.25888889
Head:    asid
Center:  CNA1115
Head:    pm25
Center:  65
Head:    qlty
Center:  良
Head:    air_sta
Center:  金州
Head:    co
Center:  0.9
Head:    aqi
Center:  75
Head:    lat
Center:  39.1311
Head:    o3
Center:  95
Head:    pub_time
Center:  2018-03-27 11:00
Head:    no2
Center:  24
Head:    so2
Center:  7
Head:    pm10
Center:  80
Head:    main
Center:  PM2.5
Head:    lon
Center:  121.7481
Head:    asid
Center:  CNA1116
Head:    pm25
Center:  55
Head:    qlty
Center:  良
Head:    air_sta
Center:  开发区
Head:    co
Center:  1.3
Head:    aqi
Center:  58
Head:    lat
Center:  39.0511
Head:    o3
Center:  105
Head:    pub_time
Center:  2018-03-27 11:00
Head:    no2
Center:  40
Head:    so2
Center:  8
Head:    pm10
Center:  48
Head:    main
Center:  PM2.5
Head:    lon
Center:  121.7769
Head:    asid
Center:  CNA1117
Head:    pm25
Center:  41
Head:    qlty
Center:  良
Head:    air_sta
Center:  双D港
Head:    co
Center:  0.9
Head:    aqi
Center:  38
Head:    lat
Center:  39.0631
Head:    o3
Center:  113
Head:    pub_time
Center:  2018-03-27 11:00
Head:    no2
Center:  16
Head:    so2
Center:  2
Head:    pm10
Center:  26
Head:    main
Center:  -
Head:    lon
Center:  121.9769
Head:    asid
Center:  CNA1118
Head:    pm25
Center:  26
Head:    qlty
Center:  优
Head:    update
Head:    loc
Center:  2018-03-27 12:47
Head:    utc
Center:  2018-03-27 04:47
Head:    brf
Center:  较舒适
Head:    txt
Center:  白天天气晴好但风力较强，早晚会感觉偏凉，午后舒适、宜人。
Head:    type
Center:  comf
Head:    brf
Center:  较冷
Head:    txt
Center:  建议着厚外套加毛衣等服装。年老体弱者宜着大衣、呢外套加羊毛衫。
Head:    type
Center:  drsg
Head:    brf
Center:  较易发
Head:    txt
Center:  虽然温度适宜但风力较大，仍较易发生感冒，体质较弱的朋友请注意适当防护。
Head:    type
Center:  flu
Head:    brf
Center:  较不宜
Head:    txt
Center:  天气较好，但风力很大，推荐您进行室内运动，若在户外运动请注意避风和保暖。
Head:    type
Center:  sport
Head:    brf
Center:  一般
Head:    txt
Center:  天气较好，温度适宜但风力大，可能对您的出行产生一定的影响，若外出请注意防风。
Head:    type
Center:  trav
Head:    brf
Center:  中等
Head:    txt
Center:  属中等强度紫外线辐射天气，外出时建议涂擦SPF高于15、PA+的防晒护肤品，戴帽子、太阳镜。
Head:    type
Center:  uv
Head:    brf
Center:  较不宜
Head:    txt
Center:  较不宜洗车，未来一天无雨，风力较大，如果执意擦洗汽车，要做好蒙上污垢的心理准备。
Head:    type
Center:  cw
Head:    brf
Center:  优
Head:    txt
Center:  气象条件非常有利于空气污染物稀释、扩散和清除，可在室外正常活动。
Head:    type
Center:  air
Head:    status
Center:  ok
Head:    basic
Head:    tz
Center:  +8.00
Head:    lon
Center:  121.61862183
Head:    cnty
Center:  中国
Head:    admin_area
Center:  辽宁
Head:    lat
Center:  38.91458893
Head:    location
Center:  大连
Head:    parent_city
Center:  大连
Head:    cid
Center:  CN101070201
